0 info it worked if it ends with ok
1 verbose cli [ '/usr/bin/nodejs', '/usr/bin/npm', 'run', 'inspect' ]
2 info using npm@3.10.10
3 info using node@v6.10.2
4 verbose run-script [ 'preinspect', 'inspect', 'postinspect' ]
5 info lifecycle test-game@1.0.0~preinspect: test-game@1.0.0
6 silly lifecycle test-game@1.0.0~preinspect: no script for preinspect, continuing
7 info lifecycle test-game@1.0.0~inspect: test-game@1.0.0
8 verbose lifecycle test-game@1.0.0~inspect: unsafe-perm in lifecycle true
9 verbose lifecycle test-game@1.0.0~inspect: PATH: /usr/lib/node_modules/npm/bin/node-gyp-bin:/home/alex/Documents/Node/test-game/node_modules/.bin:/home/alex/.cabal/bin:/opt/cabal/1.22/bin:/opt/ghc/7.10.3/bin:/home/alex/.cabal/bin:/opt/cabal/1.22/bin:/opt/ghc/7.10.3/bin:/home/alex/.cabal/bin:/opt/cabal/1.22/bin:/opt/ghc/7.10.3/bin:/home/alex/.cabal/bin:/opt/cabal/1.22/bin:/opt/ghc/7.10.3/bin:/usr/local/sbin:/usr/local/bin:/usr/sbin:/usr/bin:/sbin:/bin:/usr/games:/usr/local/games:/snap/bin
10 verbose lifecycle test-game@1.0.0~inspect: CWD: /home/alex/Documents/Node/test-game
11 silly lifecycle test-game@1.0.0~inspect: Args: [ '-c', 'node --inspect=9229 --debug-brk index.js' ]
12 silly lifecycle test-game@1.0.0~inspect: Returned: code: 1  signal: null
13 info lifecycle test-game@1.0.0~inspect: Failed to exec inspect script
14 verbose stack Error: test-game@1.0.0 inspect: `node --inspect=9229 --debug-brk index.js`
14 verbose stack Exit status 1
14 verbose stack     at EventEmitter.<anonymous> (/usr/lib/node_modules/npm/lib/utils/lifecycle.js:255:16)
14 verbose stack     at emitTwo (events.js:106:13)
14 verbose stack     at EventEmitter.emit (events.js:191:7)
14 verbose stack     at ChildProcess.<anonymous> (/usr/lib/node_modules/npm/lib/utils/spawn.js:40:14)
14 verbose stack     at emitTwo (events.js:106:13)
14 verbose stack     at ChildProcess.emit (events.js:191:7)
14 verbose stack     at maybeClose (internal/child_process.js:886:16)
14 verbose stack     at Process.ChildProcess._handle.onexit (internal/child_process.js:226:5)
15 verbose pkgid test-game@1.0.0
16 verbose cwd /home/alex/Documents/Node/test-game
17 error Linux 4.10.0-20-generic
18 error argv "/usr/bin/nodejs" "/usr/bin/npm" "run" "inspect"
19 error node v6.10.2
20 error npm  v3.10.10
21 error code ELIFECYCLE
22 error test-game@1.0.0 inspect: `node --inspect=9229 --debug-brk index.js`
22 error Exit status 1
23 error Failed at the test-game@1.0.0 inspect script 'node --inspect=9229 --debug-brk index.js'.
23 error Make sure you have the latest version of node.js and npm installed.
23 error If you do, this is most likely a problem with the test-game package,
23 error not with npm itself.
23 error Tell the author that this fails on your system:
23 error     node --inspect=9229 --debug-brk index.js
23 error You can get information on how to open an issue for this project with:
23 error     npm bugs test-game
23 error Or if that isn't available, you can get their info via:
23 error     npm owner ls test-game
23 error There is likely additional logging output above.
24 verbose exit [ 1, true ]
